Flow report for de0cv-neorv32-sdram-qsys
Tue Aug 27 11:54:54 2024
Quartus Prime Version 20.1.0 Build 711 06/05/2020 SJ Lite Edition


---------------------
; Table of Contents ;
---------------------
  1. Legal Notice
  2. Flow Summary
  3. Flow Settings
  4. Flow Non-Default Global Settings
  5. Flow Elapsed Time
  6. Flow OS Summary
  7. Flow Log
  8. Flow Messages
  9. Flow Suppressed Messages



----------------
; Legal Notice ;
----------------
Copyright (C) 2020  Intel Corporation. All rights reserved.
Your use of Intel Corporation's design tools, logic functions 
and other software and tools, and any partner logic 
functions, and any output files from any of the foregoing 
(including device programming or simulation files), and any 
associated documentation or information are expressly subject 
to the terms and conditions of the Intel Program License 
Subscription Agreement, the Intel Quartus Prime License Agreement,
the Intel FPGA IP License Agreement, or other applicable license
agreement, including, without limitation, that your use is for
the sole purpose of programming logic devices manufactured by
Intel and sold by Intel or its authorized distributors.  Please
refer to the applicable agreement for further details, at
https://fpgasoftware.intel.com/eula.



+-------------------------------------------------------------------------------+
; Flow Summary                                                                  ;
+---------------------------------+---------------------------------------------+
; Flow Status                     ; Successful - Tue Aug 27 11:54:45 2024       ;
; Quartus Prime Version           ; 20.1.0 Build 711 06/05/2020 SJ Lite Edition ;
; Revision Name                   ; de0cv-neorv32-sdram-qsys                    ;
; Top-level Entity Name           ; top                                         ;
; Family                          ; Cyclone V                                   ;
; Device                          ; 5CEBA4F23C7                                 ;
; Timing Models                   ; Final                                       ;
; Logic utilization (in ALMs)     ; 2,580 / 18,480 ( 14 % )                     ;
; Total registers                 ; 3561                                        ;
; Total pins                      ; 62 / 224 ( 28 % )                           ;
; Total virtual pins              ; 0                                           ;
; Total block memory bits         ; 1,607,808 / 3,153,920 ( 51 % )              ;
; Total DSP Blocks                ; 1 / 66 ( 2 % )                              ;
; Total HSSI RX PCSs              ; 0                                           ;
; Total HSSI PMA RX Deserializers ; 0                                           ;
; Total HSSI TX PCSs              ; 0                                           ;
; Total HSSI PMA TX Serializers   ; 0                                           ;
; Total PLLs                      ; 1 / 4 ( 25 % )                              ;
; Total DLLs                      ; 0 / 4 ( 0 % )                               ;
+---------------------------------+---------------------------------------------+


+----------------------------------------------+
; Flow Settings                                ;
+-------------------+--------------------------+
; Option            ; Setting                  ;
+-------------------+--------------------------+
; Start date & time ; 08/27/2024 11:52:31      ;
; Main task         ; Compilation              ;
; Revision Name     ; de0cv-neorv32-sdram-qsys ;
+-------------------+--------------------------+


+---------------------------------------------------------------------------------------------------------------------------------------------------------+
; Flow Non-Default Global Settings                                                                                                                        ;
+-------------------------------------+-------------------------------------------------------------+--------------------------+-------------+------------+
; Assignment Name                     ; Value                                                       ; Default Value            ; Entity Name ; Section Id ;
+-------------------------------------+-------------------------------------------------------------+--------------------------+-------------+------------+
; COMPILER_SIGNATURE_ID               ; 91765460105.172477035007372                                 ; --                       ; --          ; --         ;
; MAX_CORE_JUNCTION_TEMP              ; 85                                                          ; --                       ; --          ; --         ;
; MIN_CORE_JUNCTION_TEMP              ; 0                                                           ; --                       ; --          ; --         ;
; MISC_FILE                           ; src/pll/pll_sys.cmp                                         ; --                       ; --          ; --         ;
; MISC_FILE                           ; qsys_core/synthesis/../qsys_core.cmp                        ; --                       ; --          ; --         ;
; MISC_FILE                           ; qsys_core/synthesis/../../qsys_core.qsys                    ; --                       ; --          ; --         ;
; PARTITION_COLOR                     ; -- (Not supported for targeted family)                      ; --                       ; top         ; Top        ;
; PARTITION_FITTER_PRESERVATION_LEVEL ; -- (Not supported for targeted family)                      ; --                       ; top         ; Top        ;
; PARTITION_NETLIST_TYPE              ; -- (Not supported for targeted family)                      ; --                       ; top         ; Top        ;
; POWER_BOARD_THERMAL_MODEL           ; None (CONSERVATIVE)                                         ; --                       ; --          ; --         ;
; POWER_PRESET_COOLING_SOLUTION       ; 23 MM HEAT SINK WITH 200 LFPM AIRFLOW                       ; --                       ; --          ; --         ;
; PROJECT_OUTPUT_DIRECTORY            ; output_files                                                ; --                       ; --          ; --         ;
; SLD_FILE                            ; qsys_core/synthesis/qsys_core.debuginfo                     ; --                       ; --          ; --         ;
; SLD_INFO                            ; QSYS_NAME qsys_core HAS_SOPCINFO 1 GENERATION_ID 1636836614 ; --                       ; qsys_core   ; --         ;
; SOPCINFO_FILE                       ; qsys_core/synthesis/../../qsys_core.sopcinfo                ; --                       ; --          ; --         ;
; SYNTHESIS_ONLY_QIP                  ; On                                                          ; --                       ; --          ; --         ;
; SYNTHESIS_ONLY_QIP                  ; On                                                          ; --                       ; --          ; --         ;
; TOP_LEVEL_ENTITY                    ; top                                                         ; de0cv-neorv32-sdram-qsys ; --          ; --         ;
+-------------------------------------+-------------------------------------------------------------+--------------------------+-------------+------------+


+--------------------------------------------------------------------------------------------------------------------------+
; Flow Elapsed Time                                                                                                        ;
+----------------------+--------------+-------------------------+---------------------+------------------------------------+
; Module Name          ; Elapsed Time ; Average Processors Used ; Peak Virtual Memory ; Total CPU Time (on all processors) ;
+----------------------+--------------+-------------------------+---------------------+------------------------------------+
; Analysis & Synthesis ; 00:00:15     ; 1.0                     ; 5027 MB             ; 00:00:14                           ;
; Fitter               ; 00:01:50     ; 1.2                     ; 7206 MB             ; 00:01:50                           ;
; Assembler            ; 00:00:05     ; 1.0                     ; 4896 MB             ; 00:00:03                           ;
; Timing Analyzer      ; 00:00:08     ; 3.0                     ; 5440 MB             ; 00:00:17                           ;
; Total                ; 00:02:18     ; --                      ; --                  ; 00:02:24                           ;
+----------------------+--------------+-------------------------+---------------------+------------------------------------+


+------------------------------------------------------------------------------------+
; Flow OS Summary                                                                    ;
+----------------------+------------------+------------+------------+----------------+
; Module Name          ; Machine Hostname ; OS Name    ; OS Version ; Processor type ;
+----------------------+------------------+------------+------------+----------------+
; Analysis & Synthesis ; Rodrigos_Box     ; Windows 10 ; 10.0       ; x86_64         ;
; Fitter               ; Rodrigos_Box     ; Windows 10 ; 10.0       ; x86_64         ;
; Assembler            ; Rodrigos_Box     ; Windows 10 ; 10.0       ; x86_64         ;
; Timing Analyzer      ; Rodrigos_Box     ; Windows 10 ; 10.0       ; x86_64         ;
+----------------------+------------------+------------+------------+----------------+


------------
; Flow Log ;
------------
quartus_map --read_settings_files=on --write_settings_files=off de0cv-neorv32-sdram-qsys -c de0cv-neorv32-sdram-qsys
quartus_fit --read_settings_files=off --write_settings_files=off de0cv-neorv32-sdram-qsys -c de0cv-neorv32-sdram-qsys
quartus_asm --read_settings_files=off --write_settings_files=off de0cv-neorv32-sdram-qsys -c de0cv-neorv32-sdram-qsys
quartus_sta de0cv-neorv32-sdram-qsys -c de0cv-neorv32-sdram-qsys



