Flow report for de0n-neorv32-sdram-qsys
Mon Sep  2 15:36:23 2024
Quartus Prime Version 20.1.0 Build 711 06/05/2020 SJ Lite Edition


---------------------
; Table of Contents ;
---------------------
  1. Legal Notice
  2. Flow Summary
  3. Flow Settings
  4. Flow Non-Default Global Settings
  5. Flow Elapsed Time
  6. Flow OS Summary
  7. Flow Log
  8. Flow Messages
  9. Flow Suppressed Messages



----------------
; Legal Notice ;
----------------
Copyright (C) 2020  Intel Corporation. All rights reserved.
Your use of Intel Corporation's design tools, logic functions 
and other software and tools, and any partner logic 
functions, and any output files from any of the foregoing 
(including device programming or simulation files), and any 
associated documentation or information are expressly subject 
to the terms and conditions of the Intel Program License 
Subscription Agreement, the Intel Quartus Prime License Agreement,
the Intel FPGA IP License Agreement, or other applicable license
agreement, including, without limitation, that your use is for
the sole purpose of programming logic devices manufactured by
Intel and sold by Intel or its authorized distributors.  Please
refer to the applicable agreement for further details, at
https://fpgasoftware.intel.com/eula.



+----------------------------------------------------------------------------------+
; Flow Summary                                                                     ;
+------------------------------------+---------------------------------------------+
; Flow Status                        ; Successful - Mon Sep  2 15:36:20 2024       ;
; Quartus Prime Version              ; 20.1.0 Build 711 06/05/2020 SJ Lite Edition ;
; Revision Name                      ; de0n-neorv32-sdram-qsys                     ;
; Top-level Entity Name              ; top                                         ;
; Family                             ; Cyclone IV E                                ;
; Device                             ; EP4CE22F17C6                                ;
; Timing Models                      ; Final                                       ;
; Total logic elements               ; 6,392 / 22,320 ( 29 % )                     ;
;     Total combinational functions  ; 5,799 / 22,320 ( 26 % )                     ;
;     Dedicated logic registers      ; 3,362 / 22,320 ( 15 % )                     ;
; Total registers                    ; 3431                                        ;
; Total pins                         ; 69 / 154 ( 45 % )                           ;
; Total virtual pins                 ; 0                                           ;
; Total memory bits                  ; 428,032 / 608,256 ( 70 % )                  ;
; Embedded Multiplier 9-bit elements ; 7 / 132 ( 5 % )                             ;
; Total PLLs                         ; 1 / 4 ( 25 % )                              ;
+------------------------------------+---------------------------------------------+


+---------------------------------------------+
; Flow Settings                               ;
+-------------------+-------------------------+
; Option            ; Setting                 ;
+-------------------+-------------------------+
; Start date & time ; 09/02/2024 15:35:18     ;
; Main task         ; Compilation             ;
; Revision Name     ; de0n-neorv32-sdram-qsys ;
+-------------------+-------------------------+


+--------------------------------------------------------------------------------------------------------------------------------------------------------+
; Flow Non-Default Global Settings                                                                                                                       ;
+-------------------------------------+-------------------------------------------------------------+-------------------------+-------------+------------+
; Assignment Name                     ; Value                                                       ; Default Value           ; Entity Name ; Section Id ;
+-------------------------------------+-------------------------------------------------------------+-------------------------+-------------+------------+
; COMPILER_SIGNATURE_ID               ; 35315514248793.172530211814743                              ; --                      ; --          ; --         ;
; MAX_CORE_JUNCTION_TEMP              ; 85                                                          ; --                      ; --          ; --         ;
; MIN_CORE_JUNCTION_TEMP              ; 0                                                           ; --                      ; --          ; --         ;
; MISC_FILE                           ; src/pll/pll_sys.cmp                                         ; --                      ; --          ; --         ;
; MISC_FILE                           ; src/pll/pll_sys.ppf                                         ; --                      ; --          ; --         ;
; MISC_FILE                           ; qsys_core/synthesis/../qsys_core.cmp                        ; --                      ; --          ; --         ;
; MISC_FILE                           ; qsys_core/synthesis/../../qsys_core.qsys                    ; --                      ; --          ; --         ;
; NOMINAL_CORE_SUPPLY_VOLTAGE         ; 1.2V                                                        ; --                      ; --          ; --         ;
; PARTITION_COLOR                     ; -- (Not supported for targeted family)                      ; --                      ; top         ; Top        ;
; PARTITION_FITTER_PRESERVATION_LEVEL ; -- (Not supported for targeted family)                      ; --                      ; top         ; Top        ;
; PARTITION_NETLIST_TYPE              ; -- (Not supported for targeted family)                      ; --                      ; top         ; Top        ;
; POWER_BOARD_THERMAL_MODEL           ; None (CONSERVATIVE)                                         ; --                      ; --          ; --         ;
; POWER_PRESET_COOLING_SOLUTION       ; 23 MM HEAT SINK WITH 200 LFPM AIRFLOW                       ; --                      ; --          ; --         ;
; PROJECT_OUTPUT_DIRECTORY            ; output_files                                                ; --                      ; --          ; --         ;
; SLD_FILE                            ; qsys_core/synthesis/qsys_core.debuginfo                     ; --                      ; --          ; --         ;
; SLD_INFO                            ; QSYS_NAME qsys_core HAS_SOPCINFO 1 GENERATION_ID 1637405375 ; --                      ; qsys_core   ; --         ;
; SOPCINFO_FILE                       ; qsys_core/synthesis/../../qsys_core.sopcinfo                ; --                      ; --          ; --         ;
; SYNTHESIS_ONLY_QIP                  ; On                                                          ; --                      ; --          ; --         ;
; TOP_LEVEL_ENTITY                    ; top                                                         ; de0n-neorv32-sdram-qsys ; --          ; --         ;
+-------------------------------------+-------------------------------------------------------------+-------------------------+-------------+------------+


+--------------------------------------------------------------------------------------------------------------------------+
; Flow Elapsed Time                                                                                                        ;
+----------------------+--------------+-------------------------+---------------------+------------------------------------+
; Module Name          ; Elapsed Time ; Average Processors Used ; Peak Virtual Memory ; Total CPU Time (on all processors) ;
+----------------------+--------------+-------------------------+---------------------+------------------------------------+
; Analysis & Synthesis ; 00:00:27     ; 1.0                     ; 537 MB              ; 00:00:22                           ;
; Fitter               ; 00:00:25     ; 1.1                     ; 1079 MB             ; 00:00:46                           ;
; Assembler            ; 00:00:09     ; 1.0                     ; 368 MB              ; 00:00:01                           ;
; Timing Analyzer      ; 00:00:02     ; 1.4                     ; 559 MB              ; 00:00:03                           ;
; Total                ; 00:01:03     ; --                      ; --                  ; 00:01:12                           ;
+----------------------+--------------+-------------------------+---------------------+------------------------------------+


+----------------------------------------------------------------------------------------+
; Flow OS Summary                                                                        ;
+----------------------+------------------+----------------+------------+----------------+
; Module Name          ; Machine Hostname ; OS Name        ; OS Version ; Processor type ;
+----------------------+------------------+----------------+------------+----------------+
; Analysis & Synthesis ; linux            ; Ubuntu 22.04.4 ; 22         ; x86_64         ;
; Fitter               ; linux            ; Ubuntu 22.04.4 ; 22         ; x86_64         ;
; Assembler            ; linux            ; Ubuntu 22.04.4 ; 22         ; x86_64         ;
; Timing Analyzer      ; linux            ; Ubuntu 22.04.4 ; 22         ; x86_64         ;
+----------------------+------------------+----------------+------------+----------------+


------------
; Flow Log ;
------------
quartus_map --read_settings_files=on --write_settings_files=off de0n-neorv32-sdram-qsys -c de0n-neorv32-sdram-qsys
quartus_fit --read_settings_files=off --write_settings_files=off de0n-neorv32-sdram-qsys -c de0n-neorv32-sdram-qsys
quartus_asm --read_settings_files=off --write_settings_files=off de0n-neorv32-sdram-qsys -c de0n-neorv32-sdram-qsys
quartus_sta de0n-neorv32-sdram-qsys -c de0n-neorv32-sdram-qsys



